<?xml version="1.0" encoding="UTF-8"?>
<!-- Generated by org.testng.reporters.JUnitXMLReporter -->
<testsuite hostname="DeBaSiSh" name="Test Maven Suite" tests="12" failures="0" timestamp="13 Apr 2019 14:24:15 GMT" time="0.028" errors="0">
  <testcase name="div" time="0.011" classname="com.qa.tests.DemoTest"/>
  <testcase name="mul" time="0.0" classname="com.qa.tests.DemoTest"/>
  <testcase name="sub" time="0.001" classname="com.qa.tests.DemoTest"/>
  <testcase name="sum" time="0.0" classname="com.qa.tests.DemoTest"/>
  <testcase name="div" time="0.0" classname="com.qa.tests.DemoTest1"/>
  <testcase name="mul" time="0.0" classname="com.qa.tests.DemoTest1"/>
  <testcase name="sub" time="0.0" classname="com.qa.tests.DemoTest1"/>
  <testcase name="sum" time="0.0" classname="com.qa.tests.DemoTest1"/>
  <testcase name="div" time="0.001" classname="com.qa.tests.DemoTest2"/>
  <testcase name="mul" time="0.0" classname="com.qa.tests.DemoTest2"/>
  <testcase name="sub" time="0.001" classname="com.qa.tests.DemoTest2"/>
  <testcase name="sum" time="0.0" classname="com.qa.tests.DemoTest2"/>
</testsuite> <!-- Test Maven Suite -->
