<?xml version="1.0" encoding="UTF-8"?>
<testng-results skipped="0" failed="0" total="12" passed="12">
  <reporter-output>
  </reporter-output>
  <suite name="Test Maven Suite" duration-ms="28" started-at="2019-04-13T14:24:15Z" finished-at="2019-04-13T14:24:15Z">
    <groups>
    </groups>
    <test name="Test Maven Suite" duration-ms="28" started-at="2019-04-13T14:24:15Z" finished-at="2019-04-13T14:24:15Z">
      <class name="com.qa.tests.DemoTest">
        <test-method status="PASS" signature="div()[pri:0, instance:com.qa.tests.DemoTest@1ad282e0]" name="div" duration-ms="11" started-at="2019-04-13T19:54:15Z" finished-at="2019-04-13T19:54:15Z">
          <reporter-output>
          </reporter-output>
        </test-method> <!-- div -->
        <test-method status="PASS" signature="sub()[pri:0, instance:com.qa.tests.DemoTest@1ad282e0]" name="sub" duration-ms="1" started-at="2019-04-13T19:54:15Z" finished-at="2019-04-13T19:54:15Z">
          <reporter-output>
          </reporter-output>
        </test-method> <!-- sub -->
        <test-method status="PASS" signature="mul()[pri:0, instance:com.qa.tests.DemoTest@1ad282e0]" name="mul" duration-ms="0" started-at="2019-04-13T19:54:15Z" finished-at="2019-04-13T19:54:15Z">
          <reporter-output>
          </reporter-output>
        </test-method> <!-- mul -->
        <test-method status="PASS" signature="sum()[pri:0, instance:com.qa.tests.DemoTest@1ad282e0]" name="sum" duration-ms="0" started-at="2019-04-13T19:54:15Z" finished-at="2019-04-13T19:54:15Z">
          <reporter-output>
          </reporter-output>
        </test-method> <!-- sum -->
      </class> <!-- com.qa.tests.DemoTest -->
      <class name="com.qa.tests.DemoTest1">
        <test-method status="PASS" signature="div()[pri:0, instance:com.qa.tests.DemoTest1@2a40cd94]" name="div" duration-ms="0" started-at="2019-04-13T19:54:15Z" finished-at="2019-04-13T19:54:15Z">
          <reporter-output>
          </reporter-output>
        </test-method> <!-- div -->
        <test-method status="PASS" signature="sub()[pri:0, instance:com.qa.tests.DemoTest1@2a40cd94]" name="sub" duration-ms="0" started-at="2019-04-13T19:54:15Z" finished-at="2019-04-13T19:54:15Z">
          <reporter-output>
          </reporter-output>
        </test-method> <!-- sub -->
        <test-method status="PASS" signature="mul()[pri:0, instance:com.qa.tests.DemoTest1@2a40cd94]" name="mul" duration-ms="0" started-at="2019-04-13T19:54:15Z" finished-at="2019-04-13T19:54:15Z">
          <reporter-output>
          </reporter-output>
        </test-method> <!-- mul -->
        <test-method status="PASS" signature="sum()[pri:0, instance:com.qa.tests.DemoTest1@2a40cd94]" name="sum" duration-ms="0" started-at="2019-04-13T19:54:15Z" finished-at="2019-04-13T19:54:15Z">
          <reporter-output>
          </reporter-output>
        </test-method> <!-- sum -->
      </class> <!-- com.qa.tests.DemoTest1 -->
      <class name="com.qa.tests.DemoTest2">
        <test-method status="PASS" signature="div()[pri:0, instance:com.qa.tests.DemoTest2@f4168b8]" name="div" duration-ms="1" started-at="2019-04-13T19:54:15Z" finished-at="2019-04-13T19:54:15Z">
          <reporter-output>
          </reporter-output>
        </test-method> <!-- div -->
        <test-method status="PASS" signature="sub()[pri:0, instance:com.qa.tests.DemoTest2@f4168b8]" name="sub" duration-ms="1" started-at="2019-04-13T19:54:15Z" finished-at="2019-04-13T19:54:15Z">
          <reporter-output>
          </reporter-output>
        </test-method> <!-- sub -->
        <test-method status="PASS" signature="mul()[pri:0, instance:com.qa.tests.DemoTest2@f4168b8]" name="mul" duration-ms="0" started-at="2019-04-13T19:54:15Z" finished-at="2019-04-13T19:54:15Z">
          <reporter-output>
          </reporter-output>
        </test-method> <!-- mul -->
        <test-method status="PASS" signature="sum()[pri:0, instance:com.qa.tests.DemoTest2@f4168b8]" name="sum" duration-ms="0" started-at="2019-04-13T19:54:15Z" finished-at="2019-04-13T19:54:15Z">
          <reporter-output>
          </reporter-output>
        </test-method> <!-- sum -->
      </class> <!-- com.qa.tests.DemoTest2 -->
    </test> <!-- Test Maven Suite -->
  </suite> <!-- Test Maven Suite -->
</testng-results>
