<?xml version="1.0" encoding="UTF-8"?>
<testng-results skipped="0" failed="0" total="4" passed="4">
  <reporter-output>
  </reporter-output>
  <suite name="Default suite" duration-ms="34" started-at="2022-09-11T14:24:38Z" finished-at="2022-09-11T14:24:38Z">
    <groups>
    </groups>
    <test name="Default test" duration-ms="34" started-at="2022-09-11T14:24:38Z" finished-at="2022-09-11T14:24:38Z">
      <class name="com.qa.tests.DemoTest">
        <test-method status="PASS" signature="div()[pri:0, instance:com.qa.tests.DemoTest@184cf7cf]" name="div" duration-ms="15" started-at="2022-09-11T19:54:38Z" finished-at="2022-09-11T19:54:38Z">
          <reporter-output>
          </reporter-output>
        </test-method> <!-- div -->
        <test-method status="PASS" signature="mul()[pri:0, instance:com.qa.tests.DemoTest@184cf7cf]" name="mul" duration-ms="1" started-at="2022-09-11T19:54:38Z" finished-at="2022-09-11T19:54:38Z">
          <reporter-output>
          </reporter-output>
        </test-method> <!-- mul -->
        <test-method status="PASS" signature="sub()[pri:0, instance:com.qa.tests.DemoTest@184cf7cf]" name="sub" duration-ms="1" started-at="2022-09-11T19:54:38Z" finished-at="2022-09-11T19:54:38Z">
          <reporter-output>
          </reporter-output>
        </test-method> <!-- sub -->
        <test-method status="PASS" signature="sum()[pri:0, instance:com.qa.tests.DemoTest@184cf7cf]" name="sum" duration-ms="1" started-at="2022-09-11T19:54:38Z" finished-at="2022-09-11T19:54:38Z">
          <reporter-output>
          </reporter-output>
        </test-method> <!-- sum -->
      </class> <!-- com.qa.tests.DemoTest -->
    </test> <!-- Default test -->
  </suite> <!-- Default suite -->
</testng-results>
